Start testing: Feb 15 01:41 IST
----------------------------------------------------------
6/9 Testing: Quick-sort
6/9 Test: Quick-sort
Command: "/home/ashar/libcormen/build/quicksort"
Directory: /home/ashar/libcormen/build
"Quick-sort" start time: Feb 15 01:41 IST
Output:
----------------------------------------------------------
<end of output>
Test time =   0.02 sec
----------------------------------------------------------
Test Passed.
"Quick-sort" end time: Feb 15 01:41 IST
"Quick-sort" time elapsed: 00:00:00
----------------------------------------------------------

7/9 Testing: Counting-sort
7/9 Test: Counting-sort
Command: "/home/ashar/libcormen/build/count_sort"
Directory: /home/ashar/libcormen/build
"Counting-sort" start time: Feb 15 01:41 IST
Output:
----------------------------------------------------------
<end of output>
Test time =   0.02 sec
----------------------------------------------------------
Test Passed.
"Counting-sort" end time: Feb 15 01:41 IST
"Counting-sort" time elapsed: 00:00:00
----------------------------------------------------------

5/9 Testing: Heap-Sort
5/9 Test: Heap-Sort
Command: "/home/ashar/libcormen/build/heap_sort"
Directory: /home/ashar/libcormen/build
"Heap-Sort" start time: Feb 15 01:41 IST
Output:
----------------------------------------------------------
<end of output>
Test time =   0.02 sec
----------------------------------------------------------
Test Passed.
"Heap-Sort" end time: Feb 15 01:41 IST
"Heap-Sort" time elapsed: 00:00:00
----------------------------------------------------------

4/9 Testing: Strassen-Algorithm
4/9 Test: Strassen-Algorithm
Command: "/home/ashar/libcormen/build/strassens"
Directory: /home/ashar/libcormen/build
"Strassen-Algorithm" start time: Feb 15 01:41 IST
Output:
----------------------------------------------------------
<end of output>
Test time =   0.02 sec
----------------------------------------------------------
Test Passed.
"Strassen-Algorithm" end time: Feb 15 01:41 IST
"Strassen-Algorithm" time elapsed: 00:00:00
----------------------------------------------------------

8/9 Testing: Stack-Queue
8/9 Test: Stack-Queue
Command: "/home/ashar/libcormen/build/stack_queue"
Directory: /home/ashar/libcormen/build
"Stack-Queue" start time: Feb 15 01:41 IST
Output:
----------------------------------------------------------
<end of output>
Test time =   0.02 sec
----------------------------------------------------------
Test Passed.
"Stack-Queue" end time: Feb 15 01:41 IST
"Stack-Queue" time elapsed: 00:00:00
----------------------------------------------------------

3/9 Testing: Max-Sub-Array
3/9 Test: Max-Sub-Array
Command: "/home/ashar/libcormen/build/max_sub_array"
Directory: /home/ashar/libcormen/build
"Max-Sub-Array" start time: Feb 15 01:41 IST
Output:
----------------------------------------------------------
<end of output>
Test time =   0.02 sec
----------------------------------------------------------
Test Passed.
"Max-Sub-Array" end time: Feb 15 01:41 IST
"Max-Sub-Array" time elapsed: 00:00:00
----------------------------------------------------------

2/9 Testing: Merge-Sort
2/9 Test: Merge-Sort
Command: "/home/ashar/libcormen/build/merge_sort_test"
Directory: /home/ashar/libcormen/build
"Merge-Sort" start time: Feb 15 01:41 IST
Output:
----------------------------------------------------------
<end of output>
Test time =   0.01 sec
----------------------------------------------------------
Test Passed.
"Merge-Sort" end time: Feb 15 01:41 IST
"Merge-Sort" time elapsed: 00:00:00
----------------------------------------------------------

1/9 Testing: Insertion-Sort
1/9 Test: Insertion-Sort
Command: "/home/ashar/libcormen/build/insertion_sort_test"
Directory: /home/ashar/libcormen/build
"Insertion-Sort" start time: Feb 15 01:41 IST
Output:
----------------------------------------------------------
<end of output>
Test time =   0.01 sec
----------------------------------------------------------
Test Passed.
"Insertion-Sort" end time: Feb 15 01:41 IST
"Insertion-Sort" time elapsed: 00:00:00
----------------------------------------------------------

9/9 Testing: Linked-List
9/9 Test: Linked-List
Command: "/home/ashar/libcormen/build/linked_list"
Directory: /home/ashar/libcormen/build
"Linked-List" start time: Feb 15 01:41 IST
Output:
----------------------------------------------------------
<end of output>
Test time =   0.01 sec
----------------------------------------------------------
Test Passed.
"Linked-List" end time: Feb 15 01:41 IST
"Linked-List" time elapsed: 00:00:00
----------------------------------------------------------

End testing: Feb 15 01:41 IST
