<?xml version="1.0" encoding="UTF-8"?>
<Site BuildName="(empty)"
	BuildStamp="20190214-1654-Experimental"
	Name="(empty)"
	Generator="ctest-3.13.3"
	CompilerName=""
	CompilerVersion=""
	OSName="Linux"
	Hostname="tensor"
	OSRelease="4.18.0-15-generic"
	OSVersion="#16-Ubuntu SMP Thu Feb 7 10:56:39 UTC 2019"
	OSPlatform="x86_64"
	Is64Bits="1"
	VendorString="AuthenticAMD"
	VendorID="Advanced Micro Devices"
	FamilyID="22"
	ModelID="48"
	ProcessorCacheSize="2048"
	NumberOfLogicalCPU="4"
	NumberOfPhysicalCPU="4"
	TotalVirtualMemory="3528"
	TotalPhysicalMemory="6914"
	LogicalProcessorsPerPhysical="1"
	ProcessorClockFrequency="2196.09"
	>
	<Testing>
		<StartDateTime>Feb 15 01:41 IST</StartDateTime>
		<StartTestTime>1550175065</StartTestTime>
		<TestList>
			<Test>./Quick-sort</Test>
			<Test>./Counting-sort</Test>
			<Test>./Heap-Sort</Test>
			<Test>./Strassen-Algorithm</Test>
			<Test>./Stack-Queue</Test>
			<Test>./Max-Sub-Array</Test>
			<Test>./Merge-Sort</Test>
			<Test>./Insertion-Sort</Test>
			<Test>./Linked-List</Test>
		</TestList>
		<Test Status="passed">
			<Name>Quick-sort</Name>
			<Path>.</Path>
			<FullName>./Quick-sort</FullName>
			<FullCommandLine>/home/ashar/libcormen/build/quicksort</FullCommandLine>
			<Results>
				<NamedMeasurement type="numeric/double" name="Execution Time">
					<Value>0.0181879</Value>
				</NamedMeasurement>
				<NamedMeasurement type="numeric/double" name="Processors">
					<Value>1</Value>
				</NamedMeasurement>
				<NamedMeasurement type="text/string" name="Completion Status">
					<Value>Completed</Value>
				</NamedMeasurement>
				<NamedMeasurement type="text/string" name="Command Line">
					<Value>/home/ashar/libcormen/build/quicksort</Value>
				</NamedMeasurement>
				<Measurement>
					<Value></Value>
				</Measurement>
			</Results>
		</Test>
		<Test Status="passed">
			<Name>Counting-sort</Name>
			<Path>.</Path>
			<FullName>./Counting-sort</FullName>
			<FullCommandLine>/home/ashar/libcormen/build/count_sort</FullCommandLine>
			<Results>
				<NamedMeasurement type="numeric/double" name="Execution Time">
					<Value>0.0208236</Value>
				</NamedMeasurement>
				<NamedMeasurement type="numeric/double" name="Processors">
					<Value>1</Value>
				</NamedMeasurement>
				<NamedMeasurement type="text/string" name="Completion Status">
					<Value>Completed</Value>
				</NamedMeasurement>
				<NamedMeasurement type="text/string" name="Command Line">
					<Value>/home/ashar/libcormen/build/count_sort</Value>
				</NamedMeasurement>
				<Measurement>
					<Value></Value>
				</Measurement>
			</Results>
		</Test>
		<Test Status="passed">
			<Name>Heap-Sort</Name>
			<Path>.</Path>
			<FullName>./Heap-Sort</FullName>
			<FullCommandLine>/home/ashar/libcormen/build/heap_sort</FullCommandLine>
			<Results>
				<NamedMeasurement type="numeric/double" name="Execution Time">
					<Value>0.0201264</Value>
				</NamedMeasurement>
				<NamedMeasurement type="numeric/double" name="Processors">
					<Value>1</Value>
				</NamedMeasurement>
				<NamedMeasurement type="text/string" name="Completion Status">
					<Value>Completed</Value>
				</NamedMeasurement>
				<NamedMeasurement type="text/string" name="Command Line">
					<Value>/home/ashar/libcormen/build/heap_sort</Value>
				</NamedMeasurement>
				<Measurement>
					<Value></Value>
				</Measurement>
			</Results>
		</Test>
		<Test Status="passed">
			<Name>Strassen-Algorithm</Name>
			<Path>.</Path>
			<FullName>./Strassen-Algorithm</FullName>
			<FullCommandLine>/home/ashar/libcormen/build/strassens</FullCommandLine>
			<Results>
				<NamedMeasurement type="numeric/double" name="Execution Time">
					<Value>0.0239344</Value>
				</NamedMeasurement>
				<NamedMeasurement type="numeric/double" name="Processors">
					<Value>1</Value>
				</NamedMeasurement>
				<NamedMeasurement type="text/string" name="Completion Status">
					<Value>Completed</Value>
				</NamedMeasurement>
				<NamedMeasurement type="text/string" name="Command Line">
					<Value>/home/ashar/libcormen/build/strassens</Value>
				</NamedMeasurement>
				<Measurement>
					<Value></Value>
				</Measurement>
			</Results>
		</Test>
		<Test Status="passed">
			<Name>Stack-Queue</Name>
			<Path>.</Path>
			<FullName>./Stack-Queue</FullName>
			<FullCommandLine>/home/ashar/libcormen/build/stack_queue</FullCommandLine>
			<Results>
				<NamedMeasurement type="numeric/double" name="Execution Time">
					<Value>0.0209114</Value>
				</NamedMeasurement>
				<NamedMeasurement type="numeric/double" name="Processors">
					<Value>1</Value>
				</NamedMeasurement>
				<NamedMeasurement type="text/string" name="Completion Status">
					<Value>Completed</Value>
				</NamedMeasurement>
				<NamedMeasurement type="text/string" name="Command Line">
					<Value>/home/ashar/libcormen/build/stack_queue</Value>
				</NamedMeasurement>
				<Measurement>
					<Value></Value>
				</Measurement>
			</Results>
		</Test>
		<Test Status="passed">
			<Name>Max-Sub-Array</Name>
			<Path>.</Path>
			<FullName>./Max-Sub-Array</FullName>
			<FullCommandLine>/home/ashar/libcormen/build/max_sub_array</FullCommandLine>
			<Results>
				<NamedMeasurement type="numeric/double" name="Execution Time">
					<Value>0.0159822</Value>
				</NamedMeasurement>
				<NamedMeasurement type="numeric/double" name="Processors">
					<Value>1</Value>
				</NamedMeasurement>
				<NamedMeasurement type="text/string" name="Completion Status">
					<Value>Completed</Value>
				</NamedMeasurement>
				<NamedMeasurement type="text/string" name="Command Line">
					<Value>/home/ashar/libcormen/build/max_sub_array</Value>
				</NamedMeasurement>
				<Measurement>
					<Value></Value>
				</Measurement>
			</Results>
		</Test>
		<Test Status="passed">
			<Name>Merge-Sort</Name>
			<Path>.</Path>
			<FullName>./Merge-Sort</FullName>
			<FullCommandLine>/home/ashar/libcormen/build/merge_sort_test</FullCommandLine>
			<Results>
				<NamedMeasurement type="numeric/double" name="Execution Time">
					<Value>0.0128867</Value>
				</NamedMeasurement>
				<NamedMeasurement type="numeric/double" name="Processors">
					<Value>1</Value>
				</NamedMeasurement>
				<NamedMeasurement type="text/string" name="Completion Status">
					<Value>Completed</Value>
				</NamedMeasurement>
				<NamedMeasurement type="text/string" name="Command Line">
					<Value>/home/ashar/libcormen/build/merge_sort_test</Value>
				</NamedMeasurement>
				<Measurement>
					<Value></Value>
				</Measurement>
			</Results>
		</Test>
		<Test Status="passed">
			<Name>Insertion-Sort</Name>
			<Path>.</Path>
			<FullName>./Insertion-Sort</FullName>
			<FullCommandLine>/home/ashar/libcormen/build/insertion_sort_test</FullCommandLine>
			<Results>
				<NamedMeasurement type="numeric/double" name="Execution Time">
					<Value>0.00861551</Value>
				</NamedMeasurement>
				<NamedMeasurement type="numeric/double" name="Processors">
					<Value>1</Value>
				</NamedMeasurement>
				<NamedMeasurement type="text/string" name="Completion Status">
					<Value>Completed</Value>
				</NamedMeasurement>
				<NamedMeasurement type="text/string" name="Command Line">
					<Value>/home/ashar/libcormen/build/insertion_sort_test</Value>
				</NamedMeasurement>
				<Measurement>
					<Value></Value>
				</Measurement>
			</Results>
		</Test>
		<Test Status="passed">
			<Name>Linked-List</Name>
			<Path>.</Path>
			<FullName>./Linked-List</FullName>
			<FullCommandLine>/home/ashar/libcormen/build/linked_list</FullCommandLine>
			<Results>
				<NamedMeasurement type="numeric/double" name="Execution Time">
					<Value>0.0100704</Value>
				</NamedMeasurement>
				<NamedMeasurement type="numeric/double" name="Processors">
					<Value>1</Value>
				</NamedMeasurement>
				<NamedMeasurement type="text/string" name="Completion Status">
					<Value>Completed</Value>
				</NamedMeasurement>
				<NamedMeasurement type="text/string" name="Command Line">
					<Value>/home/ashar/libcormen/build/linked_list</Value>
				</NamedMeasurement>
				<Measurement>
					<Value></Value>
				</Measurement>
			</Results>
		</Test>
		<EndDateTime>Feb 15 01:41 IST</EndDateTime>
		<EndTestTime>1550175066</EndTestTime>
		<ElapsedMinutes>0</ElapsedMinutes>
	</Testing>
</Site>
